[    0.000000] Initializing cgroup subsys cpuset
[    0.000000] Initializing cgroup subsys cpu
[    0.000000] Initializing cgroup subsys cpuacct
[    0.000000] Linux version 4.4.0-75-generic (buildd@lcy01-04) (gcc version 5.4.0 20160609 (Ubuntu 5.4.0-6ubuntu1~16.04.4) ) #96-Ubuntu SMP Thu Apr 20 09:55:15 UTC 2017 (Ubuntu 4.4.0-75.96-generic 4.4.59)
[    0.000000] KERNEL supported cpus:
[    0.000000]   Intel GenuineIntel
[    0.000000]   AMD AuthenticAMD
[    0.000000]   NSC Geode by NSC
[    0.000000]   Cyrix CyrixInstead
[    0.000000]   Centaur CentaurHauls
[    0.000000]   Transmeta GenuineTMx86
[    0.000000]   Transmeta TransmetaCPU
[    0.000000]   UMC UMC UMC UMC
[    0.000000] x86/fpu: xstate_offset[2]:  576, xstate_sizes[2]:  256
[    0.000000] x86/fpu: Supporting XSAVE feature 0x01: 'x87 floating point registers'
[    0.000000] x86/fpu: Supporting XSAVE feature 0x02: 'SSE registers'
[    0.000000] x86/fpu: Supporting XSAVE feature 0x04: 'AVX registers'
[    0.000000] x86/fpu: Enabled xstate features 0x7, context size is 832 bytes, using 'standard' format.
[    0.000000] x86/fpu: Using 'lazy' FPU context switches.
[    0.000000] e820: BIOS-provided physical RAM map:
[    0.000000] BIOS-e820: [mem 0x0000000000000000-0x000000000009fbff] usable
[    0.000000] BIOS-e820: [mem 0x000000000009fc00-0x000000000009ffff] reserved
[    0.000000] BIOS-e820: [mem 0x00000000000f0000-0x00000000000fffff] reserved
[    0.000000] BIOS-e820: [mem 0x0000000000100000-0x000000003ffeffff] usable
[    0.000000] BIOS-e820: [mem 0x000000003fff0000-0x000000003fffffff] ACPI data
[    0.000000] BIOS-e820: [mem 0x00000000fec00000-0x00000000fec00fff] reserved
[    0.000000] BIOS-e820: [mem 0x00000000fee00000-0x00000000fee00fff] reserved
[    0.000000] BIOS-e820: [mem 0x00000000fffc0000-0x00000000ffffffff] reserved
[    0.000000] NX (Execute Disable) protection: active
[    0.000000] SMBIOS 2.5 present.
[    0.000000] Hypervisor detected: KVM
[    0.000000] e820: last_pfn = 0x3fff0 max_arch_pfn = 0x1000000
[    0.000000] MTRR: Disabled
[    0.000000] x86/PAT: MTRRs disabled, skipping PAT initialization too.
[    0.000000] x86/PAT: Configuration [0-7]: WB  WT  UC- UC  WB  WT  UC- UC  
[    0.000000] CPU MTRRs all blank - virtualized system.
[    0.000000] found SMP MP-table at [mem 0x0009fff0-0x0009ffff] mapped at [c009fff0]
[    0.000000] Scanning 1 areas for low memory corruption
[    0.000000] RAMDISK: [mem 0x36acc000-0x3755dfff]
[    0.000000] ACPI: Early table checksum verification disabled
[    0.000000] ACPI: RSDP 0x00000000000E0000 000024 (v02 VBOX  )
[    0.000000] ACPI: XSDT 0x000000003FFF0030 00003C (v01 VBOX   VBOXXSDT 00000001 ASL  00000061)
[    0.000000] ACPI: FACP 0x000000003FFF00F0 0000F4 (v04 VBOX   VBOXFACP 00000001 ASL  00000061)
[    0.000000] ACPI: DSDT 0x000000003FFF0470 0021C8 (v02 VBOX   VBOXBIOS 00000002 INTL 20100528)
[    0.000000] ACPI: FACS 0x000000003FFF0200 000040
[    0.000000] ACPI: FACS 0x000000003FFF0200 000040
[    0.000000] ACPI: APIC 0x000000003FFF0240 00005C (v02 VBOX   VBOXAPIC 00000001 ASL  00000061)
[    0.000000] ACPI: SSDT 0x000000003FFF02A0 0001CC (v01 VBOX   VBOXCPUT 00000002 INTL 20100528)
[    0.000000] 131MB HIGHMEM available.
[    0.000000] 891MB LOWMEM available.
[    0.000000]   mapped low ram: 0 - 37bfe000
[    0.000000]   low ram: 0 - 37bfe000
[    0.000000] kvm-clock: Using msrs 4b564d01 and 4b564d00
[    0.000000] kvm-clock: cpu 0, msr 0:37bfd001, primary cpu clock
[    0.000000] kvm-clock: using sched offset of 3371148590 cycles
[    0.000000] clocksource: kvm-clock: mask: 0xffffffffffffffff max_cycles: 0x1cd42e4dffb, max_idle_ns: 881590591483 ns
[    0.000000] Zone ranges:
[    0.000000]   DMA      [mem 0x0000000000001000-0x0000000000ffffff]
[    0.000000]   Normal   [mem 0x0000000001000000-0x0000000037bfdfff]
[    0.000000]   HighMem  [mem 0x0000000037bfe000-0x000000003ffeffff]
[    0.000000] Movable zone start for each node
[    0.000000] Early memory node ranges
[    0.000000]   node   0: [mem 0x0000000000001000-0x000000000009efff]
[    0.000000]   node   0: [mem 0x0000000000100000-0x000000003ffeffff]
[    0.000000] Initmem setup node 0 [mem 0x0000000000001000-0x000000003ffeffff]
[    0.000000] Using APIC driver default
[    0.000000] ACPI: PM-Timer IO Port: 0x4008
[    0.000000] IOAPIC[0]: apic_id 2, version 32, address 0xfec00000, GSI 0-23
[    0.000000] ACPI: INT_SRC_OVR (bus 0 bus_irq 0 global_irq 2 dfl dfl)
[    0.000000] ACPI: INT_SRC_OVR (bus 0 bus_irq 9 global_irq 9 high level)
[    0.000000] Using ACPI (MADT) for SMP configuration information
[    0.000000] smpboot: Allowing 2 CPUs, 0 hotplug CPUs
[    0.000000] PM: Registered nosave memory: [mem 0x00000000-0x00000fff]
[    0.000000] PM: Registered nosave memory: [mem 0x0009f000-0x0009ffff]
[    0.000000] PM: Registered nosave memory: [mem 0x000a0000-0x000effff]
[    0.000000] PM: Registered nosave memory: [mem 0x000f0000-0x000fffff]
[    0.000000] e820: [mem 0x40000000-0xfebfffff] available for PCI devices
[    0.000000] Booting paravirtualized kernel on KVM
[    0.000000] clocksource: refined-jiffies: mask: 0xffffffff max_cycles: 0xffffffff, max_idle_ns: 7645519600211568 ns
[    0.000000] setup_percpu: NR_CPUS:8 nr_cpumask_bits:8 nr_cpu_ids:2 nr_node_ids:1
[    0.000000] PERCPU: Embedded 19 pages/cpu @f76b0000 s47436 r0 d30388 u77824
[    0.000000] PV qspinlock hash table entries: 512 (order: 0, 4096 bytes)
[    0.000000] Built 1 zonelists in Zone order, mobility grouping on.  Total pages: 259800
[    0.000000] Kernel command line: BOOT_IMAGE=/boot/vmlinuz-4.4.0-75-generic root=LABEL=cloudimg-rootfs ro console=tty1 console=ttyS0
[    0.000000] PID hash table entries: 4096 (order: 2, 16384 bytes)
[    0.000000] Dentry cache hash table entries: 131072 (order: 7, 524288 bytes)
[    0.000000] Inode-cache hash table entries: 65536 (order: 6, 262144 bytes)
[    0.000000] Initializing CPU#0
[    0.000000] Initializing HighMem for node 0 (00037bfe:0003fff0)
[    0.000000] Initializing Movable for node 0 (00000000:00000000)
[    0.000000] Memory: 1012144K/1048120K available (7928K kernel code, 770K rwdata, 3164K rodata, 940K init, 800K bss, 35976K reserved, 0K cma-reserved, 135112K highmem)
[    0.000000] virtual kernel memory layout:
[    0.000000]     fixmap  : 0xfff15000 - 0xfffff000   ( 936 kB)
[    0.000000]     pkmap   : 0xffc00000 - 0xffe00000   (2048 kB)
[    0.000000]     vmalloc : 0xf83fe000 - 0xffbfe000   ( 120 MB)
[    0.000000]     lowmem  : 0xc0000000 - 0xf7bfe000   ( 891 MB)
[    0.000000]       .init : 0xc1b99000 - 0xc1c84000   ( 940 kB)
[    0.000000]       .data : 0xc17be50b - 0xc1b97b40   (3941 kB)
[    0.000000]       .text : 0xc1000000 - 0xc17be50b   (7929 kB)
[    0.000000] Checking if this processor honours the WP bit even in supervisor mode...Ok.
[    0.000000] SLUB: HWalign=64, Order=0-3, MinObjects=0, CPUs=2, Nodes=1
[    0.000000] Hierarchical RCU implementation.
[    0.000000] 	Build-time adjustment of leaf fanout to 32.
[    0.000000] 	RCU restricting CPUs from NR_CPUS=8 to nr_cpu_ids=2.
[    0.000000] RCU: Adjusting geometry for rcu_fanout_leaf=32, nr_cpu_ids=2
[    0.000000] NR_IRQS:2304 nr_irqs:440 16
[    0.000000] Console: colour VGA+ 80x25
[    0.000000] console [tty1] enabled
[    0.000000] console [ttyS0] enabled
[    0.000000] allocated 1048576 bytes of page_ext
[    0.000000] tsc: Detected 1599.999 MHz processor
[    2.740518] Calibrating delay loop (skipped) preset value.. 3199.99 BogoMIPS (lpj=6399996)
[    2.742861] pid_max: default: 32768 minimum: 301
[    2.775598] ACPI: Core revision 20150930
[    2.778900] ACPI: 2 ACPI AML tables successfully acquired and loaded
[    2.789058] Security Framework initialized
[    2.790201] Yama: becoming mindful.
[    2.791220] AppArmor: AppArmor initialized
[    2.792424] Mount-cache hash table entries: 2048 (order: 1, 8192 bytes)
[    2.794060] Mountpoint-cache hash table entries: 2048 (order: 1, 8192 bytes)
[    2.795975] Initializing cgroup subsys io
[    2.797341] Initializing cgroup subsys memory
[    2.801579] Initializing cgroup subsys devices
[    2.808095] Initializing cgroup subsys freezer
[    2.809299] Initializing cgroup subsys net_cls
[    2.810493] Initializing cgroup subsys perf_event
[    2.811772] Initializing cgroup subsys net_prio
[    2.813502] Initializing cgroup subsys hugetlb
[    2.832471] Initializing cgroup subsys pids
[    2.833714] CPU: Physical Processor ID: 0
[    2.834819] CPU: Processor Core ID: 0
[    2.838354] mce: CPU supports 0 MCE banks
[    2.848106] Last level iTLB entries: 4KB 64, 2MB 8, 4MB 8
[    2.849494] Last level dTLB entries: 4KB 64, 2MB 0, 4MB 0, 1GB 4
[    2.854635] Freeing SMP alternatives memory: 28K (c1c84000 - c1c8b000)
[    2.891608] ftrace: allocating 31398 entries in 62 pages
[    2.990062] smpboot: APIC(0) Converting physical 0 to logical package 0
[    2.993483] smpboot: Max logical packages: 1
[    2.994658] Enabling APIC mode:  Flat.  Using 1 I/O APICs
[    3.009826] ..TIMER: vector=0x30 apic1=0 pin1=2 apic2=-1 pin2=-1
[    3.119879] smpboot: CPU0: Intel(R) Core(TM) i5-5250U CPU @ 1.60GHz (family: 0x6, model: 0x3d, stepping: 0x4)
[    3.124218] Performance Events: unsupported p6 CPU model 61 no PMU driver, software events only.
[    3.128873] KVM setup paravirtual spinlock
[    3.130837] x86: Booting SMP configuration:
[    3.133197] .... node  #0, CPUs:      #1
[1266874886.338403] Initializing CPU#1
[    3.145384] kvm-clock: cpu 1, msr 0:37bfd041, secondary cpu clock
[    3.156309] mce: CPU supports 0 MCE banks
[    3.166681] x86: Booted up 1 node, 2 CPUs
[    3.187069] smpboot: Total of 2 processors activated (6399.99 BogoMIPS)
[    3.189189] devtmpfs: initialized
[    3.219250] evm: security.selinux
[    3.243709] evm: security.SMACK64
[    3.274999] evm: security.SMACK64EXEC
[    3.276050] evm: security.SMACK64TRANSMUTE
[    3.277167] evm: security.SMACK64MMAP
[    3.283652] evm: security.ima
[    3.284548] evm: security.capability
[    3.286090] clocksource: jiffies: mask: 0xffffffff max_cycles: 0xffffffff, max_idle_ns: 7645041785100000 ns
[    3.361786] futex hash table entries: 512 (order: 3, 32768 bytes)
[    3.391828] pinctrl core: initialized pinctrl subsystem
[    3.393325] RTC time:  6:33:03, date: 05/12/17
[    3.394848] NET: Registered protocol family 16
[    3.396237] EISA bus registered
[    3.408260] cpuidle: using governor ladder
[    3.444113] cpuidle: using governor menu
[    3.473639] PCCT header not found.
[    3.485181] ACPI: bus type PCI registered
[    3.515933] acpiphp: ACPI Hot Plug PCI Controller Driver version: 0.5
[    3.549325] PCI : PCI BIOS area is rw and x. Use pci=nobios if you want it NX.
[    3.607159] PCI: PCI BIOS revision 2.10 entry at 0xfda26, last bus=0
[    3.667052] PCI: Using configuration type 1 for base access
[    3.681522] ACPI: Added _OSI(Module Device)
[    3.690049] ACPI: Added _OSI(Processor Device)
[    3.703516] ACPI: Added _OSI(3.0 _SCP Extensions)
[    3.711965] ACPI: Added _OSI(Processor Aggregator Device)
[    3.714118] ACPI: Executed 1 blocks of module-level executable AML code
[    3.767390] ACPI: Interpreter enabled
[    3.782180] ACPI: (supports S0 S5)
[    3.796601] ACPI: Using IOAPIC for interrupt routing
[    3.798275] PCI: Using host bridge windows from ACPI; if necessary, use "pci=nocrs" and report a bug
[    3.849817] ACPI: PCI Root Bridge [PCI0] (domain 0000 [bus 00-ff])
[    3.885355] acpi PNP0A03:00: _OSC: OS supports [ASPM ClockPM Segments MSI]
[    3.902882] acpi PNP0A03:00: _OSC failed (AE_NOT_FOUND); disabling ASPM
[    3.939477] acpi PNP0A03:00: fail to add MMCONFIG information, can't access extended PCI configuration space under this bridge.
[    3.996287] PCI host bridge to bus 0000:00
[    4.012226] pci_bus 0000:00: root bus resource [io  0x0000-0x0cf7 window]
[    4.042145] pci_bus 0000:00: root bus resource [io  0x0d00-0xffff window]
[    4.073734] pci_bus 0000:00: root bus resource [mem 0x000a0000-0x000bffff window]
[    4.116877] pci_bus 0000:00: root bus resource [mem 0x40000000-0xffdfffff window]
[    4.162694] pci_bus 0000:00: root bus resource [bus 00-ff]
[    4.172753] pci 0000:00:01.1: legacy IDE quirk: reg 0x10: [io  0x01f0-0x01f7]
[    4.183215] pci 0000:00:01.1: legacy IDE quirk: reg 0x14: [io  0x03f6]
[    4.220904] pci 0000:00:01.1: legacy IDE quirk: reg 0x18: [io  0x0170-0x0177]
[    4.280435] pci 0000:00:01.1: legacy IDE quirk: reg 0x1c: [io  0x0376]
[    4.329721] pci 0000:00:07.0: quirk: [io  0x4000-0x403f] claimed by PIIX4 ACPI
[    4.373165] pci 0000:00:07.0: quirk: [io  0x4100-0x410f] claimed by PIIX4 SMB
[    4.418640] ACPI: PCI Interrupt Link [LNKA] (IRQs 5 9 10 *11)
[    4.447008] ACPI: PCI Interrupt Link [LNKB] (IRQs 5 9 10 *11)
[    4.488901] ACPI: PCI Interrupt Link [LNKC] (IRQs 5 9 *10 11)
[    4.518163] ACPI: PCI Interrupt Link [LNKD] (IRQs 5 *9 10 11)
[    4.564207] ACPI: Enabled 2 GPEs in block 00 to 07
[    4.597424] vgaarb: setting as boot device: PCI:0000:00:02.0
[    4.635665] vgaarb: device added: PCI:0000:00:02.0,decodes=io+mem,owns=io+mem,locks=none
[    4.695555] vgaarb: loaded
[    4.704549] vgaarb: bridge control possible 0000:00:02.0
[    4.740964] SCSI subsystem initialized
[    4.765592] ACPI: bus type USB registered
[    4.802035] usbcore: registered new interface driver usbfs
[    4.847360] usbcore: registered new interface driver hub
[    4.888544] usbcore: registered new device driver usb
[    4.936144] PCI: Using ACPI for IRQ routing
[    4.961071] NetLabel: Initializing
[    4.980611] NetLabel:  domain hash size = 128
[    5.015177] NetLabel:  protocols = UNLABELED CIPSOv4
[    5.052534] NetLabel:  unlabeled traffic allowed by default
[    5.056522] amd_nb: Cannot enumerate AMD northbridges
[    5.088470] clocksource: Switched to clocksource kvm-clock
[    5.162875] AppArmor: AppArmor Filesystem Enabled
[    5.233237] pnp: PnP ACPI init
[    5.297017] pnp: PnP ACPI: found 3 devices
[    5.380926] PnPBIOS: Disabled by ACPI PNP
[    5.462584] clocksource: acpi_pm: mask: 0xffffff max_cycles: 0xffffff, max_idle_ns: 2085701024 ns
[    5.643413] NET: Registered protocol family 2
[    5.739221] TCP established hash table entries: 8192 (order: 3, 32768 bytes)
[    5.879725] TCP bind hash table entries: 8192 (order: 4, 65536 bytes)
[    6.011416] TCP: Hash tables configured (established 8192 bind 8192)
[    6.162822] UDP hash table entries: 512 (order: 2, 16384 bytes)
[    6.275675] UDP-Lite hash table entries: 512 (order: 2, 16384 bytes)
[    6.360501] NET: Registered protocol family 1
[    6.456923] pci 0000:00:00.0: Limiting direct PCI/PCI transfers
[    6.575021] pci 0000:00:01.0: Activating ISA DMA hang workarounds
[    6.639065] Unpacking initramfs...
[    8.853216] Freeing initrd memory: 10824K (f6acc000 - f755e000)
[    8.901200] RAPL PMU detected, API unit is 2^-32 Joules, 4 fixed counters 10737418240 ms ovfl timer
[    8.932663] hw unit of domain pp0-core 2^-0 Joules
[    8.943297] hw unit of domain package 2^-0 Joules
[    8.971099] hw unit of domain dram 2^-0 Joules
[    8.985721] hw unit of domain pp1-gpu 2^-0 Joules
[    8.990480] platform rtc_cmos: registered platform RTC device (no PNP device found)
[    9.011075] Scanning for low memory corruption every 60 seconds
[    9.112836] audit: initializing netlink subsys (disabled)
[    9.154507] audit: type=2000 audit(1494570789.560:1): initialized
[    9.182514] Initialise system trusted keyring
[    9.205755] HugeTLB registered 2 MB page size, pre-allocated 0 pages
[    9.303258] zbud: loaded
[    9.323731] VFS: Disk quotas dquot_6.6.0
[    9.392122] VFS: Dquot-cache hash table entries: 1024 (order 0, 4096 bytes)
[    9.444788] squashfs: version 4.0 (2009/01/31) Phillip Lougher
[    9.511755] fuse init (API version 7.23)
[    9.532729] Key type big_key registered
[    9.584831] Allocating IMA MOK and blacklist keyrings.
[    9.671242] Key type asymmetric registered
[    9.692531] Asymmetric key parser 'x509' registered
[    9.722934] bounce: pool size: 64 pages
[    9.752801] Block layer SCSI generic (bsg) driver version 0.4 loaded (major 249)
[    9.818673] io scheduler noop registered
[    9.850242] io scheduler deadline registered (default)
[    9.873591] io scheduler cfq registered
[    9.881210] pci_hotplug: PCI Hot Plug PCI Core version: 0.5
[    9.905639] pciehp: PCI Express Hot Plug Controller Driver version: 0.4
[    9.932271] ACPI: AC Adapter [AC] (off-line)
[    9.969217] input: Power Button as /devices/LNXSYSTM:00/LNXPWRBN:00/input/input0
[   10.030812] tsc: Refined TSC clocksource calibration: 1599.620 MHz
[   10.036675] ACPI: Power Button [PWRF]
[   10.036812] input: Sleep Button as /devices/LNXSYSTM:00/LNXSLPBN:00/input/input1
[   10.036815] ACPI: Sleep Button [SLPF]
[   10.038386] ACPI: Battery Slot [BAT0] (battery present)
[   10.038435] GHES: HEST is not enabled!
[   10.038564] isapnp: Scanning for PnP cards...
[   10.047351] Serial: 8250/16550 driver, 32 ports, IRQ sharing enabled
[   10.134453] 00:02: ttyS0 at I/O 0x3f8 (irq = 4, base_baud = 115200) is a 16550A
[   10.246799] clocksource: tsc: mask: 0xffffffffffffffff max_cycles: 0x170ebe00964, max_idle_ns: 440795254027 ns
[   10.292075] Linux agpgart interface v0.103
[   10.340310] loop: module loaded
[   10.381818] scsi host0: ata_piix
[   10.405104] scsi host1: ata_piix
[   10.406197] ata1: PATA max UDMA/33 cmd 0x1f0 ctl 0x3f6 bmdma 0xd000 irq 14
[   10.407887] ata2: PATA max UDMA/33 cmd 0x170 ctl 0x376 bmdma 0xd008 irq 15
[   10.410024] libphy: Fixed MDIO Bus: probed
[   10.411229] tun: Universal TUN/TAP device driver, 1.6
[   10.412644] tun: (C) 1999-2004 Max Krasnyansky <maxk@qualcomm.com>
[   10.414457] PPP generic driver version 2.4.2
[   10.415712] ehci_hcd: USB 2.0 'Enhanced' Host Controller (EHCI) Driver
[   10.425577] ehci-pci: EHCI PCI platform driver
[   10.426794] ehci-platform: EHCI generic platform driver
[   10.428148] ohci_hcd: USB 1.1 'Open' Host Controller (OHCI) Driver
[   10.431855] ohci-pci: OHCI PCI platform driver
[   10.433079] ohci-platform: OHCI generic platform driver
[   10.434433] uhci_hcd: USB Universal Host Controller Interface driver
[   10.436067] i8042: PNP: PS/2 Controller [PNP0303:PS2K,PNP0f03:PS2M] at 0x60,0x64 irq 1,12
[   10.438941] serio: i8042 KBD port at 0x60,0x64 irq 1
[   10.440281] serio: i8042 AUX port at 0x60,0x64 irq 12
[   10.443014] mousedev: PS/2 mouse device common for all mice
[   10.449265] input: AT Translated Set 2 keyboard as /devices/platform/i8042/serio0/input/input2
[   10.512793] rtc_cmos rtc_cmos: rtc core: registered rtc_cmos as rtc0
[   10.514802] rtc_cmos rtc_cmos: alarms up to one day, 114 bytes nvram
[   10.516635] i2c /dev entries driver
[   10.517797] device-mapper: uevent: version 1.0.3
[   10.519108] device-mapper: ioctl: 4.34.0-ioctl (2015-10-28) initialised: dm-devel@redhat.com
[   10.521413] platform eisa.0: Probing EISA bus 0
[   10.522639] platform eisa.0: EISA: Cannot allocate resource for mainboard
[   10.524293] platform eisa.0: Cannot allocate resource for EISA slot 1
[   10.528751] platform eisa.0: Cannot allocate resource for EISA slot 2
[   10.535461] platform eisa.0: Cannot allocate resource for EISA slot 3
[   10.537188] platform eisa.0: Cannot allocate resource for EISA slot 4
[   10.538852] platform eisa.0: Cannot allocate resource for EISA slot 5
[   10.576871] isapnp: No Plug & Play device found
[   10.679715] platform eisa.0: Cannot allocate resource for EISA slot 6
[   10.747558] platform eisa.0: Cannot allocate resource for EISA slot 7
[   10.752314] platform eisa.0: Cannot allocate resource for EISA slot 8
[   10.894512] platform eisa.0: EISA: Detected 0 cards
[   10.932035] cpufreq-nforce2: No nForce2 chipset.
[   10.933349] ledtrig-cpu: registered to indicate activity on CPUs
[   10.982382] NET: Registered protocol family 10
[   11.061903] NET: Registered protocol family 17
[   11.146835] Key type dns_resolver registered
[   11.148223] microcode: CPU0 sig=0x306d4, pf=0x40, revision=0x0
[   11.152298] microcode: CPU1 sig=0x306d4, pf=0x40, revision=0x0
[   11.157120] microcode: Microcode Update Driver: v2.01 <tigran@aivazian.fsnet.co.uk>, Peter Oruba
[   11.174717] Using IPI No-Shortcut mode
[   11.206194] registered taskstats version 1
[   11.246776] Loading compiled-in X.509 certificates
[   11.290315] Loaded X.509 cert 'Build time autogenerated kernel key: 07b96e98effcf92e436e5474864c4a8d42920bdd'
[   11.377612] zswap: loaded using pool lzo/zbud
[   11.407568] Key type trusted registered
[   11.451805] Key type encrypted registered
[   11.483267] AppArmor: AppArmor sha1 policy hashing enabled
[   11.535467] ima: No TPM chip found, activating TPM-bypass!
[   11.594486] evm: HMAC attrs: 0x1
[   11.612132]   Magic number: 1:558:569
[   11.652731] rtc_cmos rtc_cmos: setting system clock to 2017-05-12 06:33:12 UTC (1494570792)
[   11.700740] BIOS EDD facility v0.16 2004-Jun-25, 0 devices found
[   11.740719] EDD information not available.
[   11.762562] Freeing unused kernel memory: 940K (c1b99000 - c1c84000)
[   11.828056] Write protecting the kernel text: 7932k
[   11.869017] Write protecting the kernel read-only data: 3168k
[   11.895091] NX-protecting the kernel data: 6404k
Loading, please [   11.936376] random: systemd-udevd: uninitialized urandom read (16 bytes read, 0 bits of entropy available)
wait...
starting version 229
[   11.937535] random: udevadm: uninitialized urandom read (16 bytes read, 0 bits of entropy available)
[   11.937597] random: udevadm: uninitialized urandom read (16 bytes read, 0 bits of entropy available)
[   11.937838] random: udevadm: uninitialized urandom read (16 bytes read, 0 bits of entropy available)
[   11.937914] random: udevadm: uninitialized urandom read (16 bytes read, 0 bits of entropy available)
[   11.937992] random: udevadm: uninitialized urandom read (16 bytes read, 0 bits of entropy available)
[   11.938072] random: udevadm: uninitialized urandom read (16 bytes read, 0 bits of entropy available)
[   11.938145] random: udevadm: uninitialized urandom read (16 bytes read, 0 bits of entropy available)
[   11.938218] random: udevadm: uninitialized urandom read (16 bytes read, 0 bits of entropy available)
[   11.938292] random: udevadm: uninitialized urandom read (16 bytes read, 0 bits of entropy available)
[   12.156915] Fusion MPT base driver 3.04.20
[   12.168644] Copyright (c) 1999-2008 LSI Corporation
[   12.178790] e1000: Intel(R) PRO/1000 Network Driver - version 7.3.21-k8-NAPI
[   12.183871] e1000: Copyright (c) 1999-2006 Intel Corporation.
[   12.232452] Fusion MPT SPI Host driver 3.04.20
[   12.406681] input: ImExPS/2 Generic Explorer Mouse as /devices/platform/i8042/serio1/input/input4
[   12.611045] e1000 0000:00:03.0 eth0: (PCI:33MHz:32-bit) 02:6e:88:da:90:9e
[   12.615264] e1000 0000:00:03.0 eth0: Intel(R) PRO/1000 Network Connection
[   12.630482] mptbase: ioc0: Initiating bringup
[   12.630893] e1000 0000:00:03.0 enp0s3: renamed from eth0
[   12.705369] ioc0: LSI53C1030 A0: Capabilities={Initiator}
[   12.871042] scsi host2: ioc0: LSI53C1030 A0, FwRev=00000000h, Ports=1, MaxQ=256, IRQ=20
[   13.001426] scsi 2:0:0:0: Direct-Access     VBOX     HARDDISK         1.0  PQ: 0 ANSI: 5
[   13.023872] scsi target2:0:0: Beginning Domain Validation
[   13.043017] scsi target2:0:0: Domain Validation skipping write tests
[   13.044626] scsi target2:0:0: Ending Domain Validation
[   13.046460] scsi target2:0:0: asynchronous
[   13.063483] scsi 2:0:1:0: Direct-Access     VBOX     HARDDISK         1.0  PQ: 0 ANSI: 5
[   13.068181] scsi target2:0:1: Beginning Domain Validation
[   13.082441] scsi target2:0:1: Domain Validation skipping write tests
[   13.087828] scsi target2:0:1: Ending Domain Validation
[   13.119559] scsi target2:0:1: asynchronous
[   13.132933] sd 2:0:0:0: Attached scsi generic sg0 type 0
[   13.134527] sd 2:0:0:0: [sda] 20971520 512-byte logical blocks: (10.7 GB/10.0 GiB)
[   13.135014] sd 2:0:1:0: [sdb] 20480 512-byte logical blocks: (10.5 MB/10.0 MiB)
[   13.135231] sd 2:0:1:0: [sdb] Write Protect is off
[   13.135364] sd 2:0:1:0: [sdb] Incomplete mode parameter data
[   13.135366] sd 2:0:1:0: [sdb] Assuming drive cache: write through
[   13.225215] sd 2:0:1:0: Attached scsi generic sg1 type 0
[   13.229199] sd 2:0:1:0: [sdb] Attached SCSI disk
[   13.273848] sd 2:0:0:0: [sda] Write Protect is off
[   13.303569] sd 2:0:0:0: [sda] Incomplete mode parameter data
[   13.324487] sd 2:0:0:0: [sda] Assuming drive cache: write through
[   13.393706]  sda: sda1
[   13.431914] sd 2:0:0:0: [sda] Attached SCSI disk
[   15.245122] floppy0: no floppy controllers found
Begin: Loading essential drivers[   16.731633] md: linear personality registered for level -1
 ... [   16.802910] md: multipath personality registered for level -4
[   16.838998] md: raid0 personality registered for level 0
[   16.851655] md: raid1 personality registered for level 1
[   16.976680] raid6: mmxx1    gen()  4178 MB/s
[   17.064835] raid6: mmxx2    gen()  4220 MB/s
[   17.161359] raid6: sse1x1   gen()  3562 MB/s
[   17.233897] raid6: sse1x2   gen()  4291 MB/s
[   17.308496] raid6: sse2x1   gen()  7001 MB/s
[   17.388583] raid6: sse2x1   xor()  4875 MB/s
[   17.476894] raid6: sse2x2   gen()  8525 MB/s
[   17.584795] raid6: sse2x2   xor()  6021 MB/s
[   17.620506] raid6: using algorithm sse2x2 gen() 8525 MB/s
[   17.659005] raid6: .... xor() 6021 MB/s, rmw enabled
[   17.693889] raid6: using ssse3x1 recovery algorithm
[   17.709980] xor: automatically using best checksumming function:
[   17.792776]    avx       : 19039.000 MB/sec
[   17.834845] async_tx: api initialized (async)
[   17.880578] md: raid6 personality registered for level 6
[   17.911524] md: raid5 personality registered for level 5
[   17.935660] md: raid4 personality registered for level 4
[   17.961010] md: raid10 personality registered for level 10
done.
Begin: Running /scripts/init-premount ... done.
Begin: Mounting root file sys[   18.052743] Btrfs loaded
tem ... Begin: Running /scripts/local-top ... done.
Begin: Running /scripts/local-premount ... Scanning for Btrfs filesystems
done.
Warning: fsck no[   18.115491] EXT4-fs (sda1): INFO: recovery required on readonly filesystem
t present, so sk[   18.147266] EXT4-fs (sda1): write access will be enabled during recovery
ipping root file system
[   18.209635] EXT4-fs (sda1): recovery complete
[   18.214968] EXT4-fs (sda1): mounted filesystem with ordered data mode. Opts: (null)
done.
Begin: Running /scripts/local-bottom ... done.
Begin: Running /scripts/init-bottom ... done.
[   18.326976] systemd[1]: systemd 229 running in system mode. (+PAM +AUDIT +SELINUX +IMA +APPARMOR +SMACK +SYSVINIT +UTMP +LIBCRYPTSETUP +GCRYPT +GNUTLS +ACL +XZ -LZ4 +SECCOMP +BLKID +ELFUTILS +KMOD -IDN)
[   18.421729] systemd[1]: Detected virtualization oracle.
[   18.423194] systemd[1]: Detected architecture x86.

Welcome to [1mUbuntu 16.04.2 LTS[0m!

[   18.433147] systemd[1]: Set hostname to <ubuntu-xenial>.
[   18.661062] systemd[1]: Listening on /dev/initctl Compatibility Named Pipe.
[[0;32m  OK  [0m] Listening on /dev/initctl Compatibility Named Pipe.
[   18.772959] systemd[1]: Listening on udev Kernel Socket.
[[0;32m  OK  [0m] Listening on udev Kernel Socket.
[   18.813223] systemd[1]: Reached target User and Group Name Lookups.
[[0;32m  OK  [0m] Reached target User and Group Name Lookups.
[   18.923299] systemd[1]: Listening on LVM2 metadata daemon socket.
[[0;32m  OK  [0m] Listening on LVM2 metadata daemon socket.
[   19.001091] systemd[1]: Listening on Journal Socket.
[[0;32m  OK  [0m] Listening on Journal Socket.
[   19.057256] systemd[1]: Reached target Swap.
[[0;32m  OK  [0m] Reached target Swap.
[   19.116942] systemd[1]: Listening on Syslog Socket.
[[0;32m  OK  [0m] Listening on Syslog Socket.
[   19.222969] systemd[1]: Created slice User and Session Slice.
[[0;32m  OK  [0m] Created slice User and Session Slice.
[   19.305501] systemd[1]: Listening on udev Control Socket.
[[0;32m  OK  [0m] Listening on udev Control Socket.
[   19.357437] systemd[1]: Listening on Device-mapper event daemon FIFOs.
[[0;32m  OK  [0m] Listening on Device-mapper event daemon FIFOs.
[   19.521072] systemd[1]: Listening on Journal Audit Socket.
[[0;32m  OK  [0m] Listening on Journal Audit Socket.
[   19.621415] systemd[1]: Reached target Encrypted Volumes.
[[0;32m  OK  [0m] Reached target Encrypted Volumes.
[   19.709281] systemd[1]: Created slice System Slice.
[[0;32m  OK  [0m] Created slice System Slice.
[   19.825731] systemd[1]: Created slice system-postgresql.slice.
[[0;32m  OK  [0m] Created slice system-postgresql.slice.
[   19.881421] systemd[1]: Starting Set console keymap...
         Startin[   19.903136] random: nonblocking pool is initialized
g Set console keymap...
[   19.965961] systemd[1]: Starting Nameserver information manager...
         Starting Nameserver information manager...
[   20.020611] systemd[1]: Mounting Debug File System...
         Mounting Debug File System...
[   20.062908] systemd[1]: Starting Uncomplicated firewall...
         Starting Uncomplicated firewall...
[   20.148782] systemd[1]: Starting Remount Root and Kernel File Systems...
[   20.154673] EXT4-fs (sda1): re-mounted. Opts: (null)
         Starting Remount Root and Kernel File Systems...
[   20.232892] systemd[1]: Starting Create list of required static device nodes for the current kernel...
         Starting Create list of required st... nodes for the current kernel...
[   20.350205] systemd[1]: Reached target Slices.
[[0;32m  OK  [0m] Reached target Slices.
[   20.445436] systemd[1]: Created slice system-serial\x2dgetty.slice.
[[0;32m  OK  [0m] Created slice system-serial\x2dgetty.slice.
[   20.628645] systemd[1]: Mounting POSIX Message Queue File System...
         Mounting POSIX Message Queue File System...
[   20.713201] systemd[1]: Mounting Huge Pages File System...
         Mounting Huge Pages File System...
[   20.741241] systemd[1]: Listening on LVM2 poll daemon socket.
[[0;32m  OK  [0m] Listening on LVM2 poll daemon socket.
[   20.825337] systemd[1]: Started Forward Password Requests to Wall Directory Watch.
[[0;32m  OK  [0m] Started Forward Password Requests to Wall Directory Watch.
[   21.045312] systemd[1]: Starting Load Kernel Modules...
         Startin[   21.061911] Loading iSCSI transport class v2.0-870.
g Load Kernel Modules...
[   21.156843] systemd[1]: Set up automount Arbitrary Executable File Formats File System Automount Point.
[[0;32m  OK  [0m] Set up autom[   21.218953] iscsi: registered transport (tcp)
ount Arbitrary Executab...ats File System Automount Point.
[   21.270277] systemd[1]: Listening on Journal Socket (/dev/log).
[[0;32m  OK  [0m] Listening on[   21.321125] iscsi: registered transport (iser)
 Journal Socket (/dev/log).
[   21.396888] systemd[1]: Starting Journal Service...
         Starting Journal Service...
[   21.449853] systemd[1]: Starting Monitoring of LVM2 mirrors, snapshots etc. using dmeventd or progress polling...
         Starting Monitoring of LVM2 mirrors... dmeventd or progress polling...
[   21.569788] systemd[1]: Mounted POSIX Message Queue File System.
[[0;32m  OK  [0m] Mounted POSIX Message Queue File System.
[   21.653045] systemd[1]: Mounted Huge Pages File System.
[[0;32m  OK  [0m] Mounted Huge Pages File System.
[   21.737935] systemd[1]: Mounted Debug File System.
[[0;32m  OK  [0m] Mounted Debug File System.
[   21.804902] systemd[1]: Started Journal Service.
[[0;32m  OK  [0m] Started Journal Service.
[[0;32m  OK  [0m] Started Set console keymap.
[[0;32m  OK  [0m] Started Uncomplicated firewall.
[[0;32m  OK  [0m] Started Remount Root and Kernel File Systems.
[[0;32m  OK  [0m] Started Create list of required sta...ce nodes for the current kernel.
[[0;32m  OK  [0m] Started Load Kernel Modules.
[[0;32m  OK  [0m] Started Nameserver information manager.
[[0;32m  OK  [0m] Started LVM2 metadata daemon.
         Starting Apply Kernel Variables...
         Mounting FUSE Control File System...
         Starting Create Static Device Nodes in /dev...
         Starting udev Coldplug all Devices...
         Starting Initial cloud-init job (pre-networking)...
         Starting Load/Save Random Seed...
         Starting Flush Journal to Persistent Storage...
[[0;32m  OK  [0m] Mounted FUSE Control File System.
[[0;32m  OK  [0m] Started Apply Kernel Variables.
[[0;32m  OK  [0m] Started Monitoring of LVM2 mirrors,...ng dmeventd or progress polling.
[[0;32m  OK  [0m] Started Create Static Device Nodes in /dev.
[[0;32m  OK  [0m] Started Load/Save Random Seed.
[[0;32m  OK  [0m] Started udev Coldplug all Devices.
[[0;32m  OK  [0m] Started Flush Journal to Persistent Storage.
         Starting udev Kernel Device Manager...
[[0;32m  OK  [0m] Started udev Kernel Device Manager.
[[0;32m  OK  [0m] Reached target Local File Systems (Pre).
[[0;32m  OK  [0m] Reached target Local File Systems.
         Starting Create Volatile Files and Directories...
         Starting Set console font and keymap...
         Starting Tell Plymouth To Write Out Runtime Data...
         Starting LSB: AppArmor initialization...
[[0;32m  OK  [0m] Started Dispatch Password Requests to Console Directory Watch.
[[0;32m  OK  [0m] Started Create Volatile Files and Directories.
[[0;32m  OK  [0m] Started Tell Plymouth To Write Out Runtime Data.
[[0;32m  OK  [0m] Found device /dev/ttyS0.
         Starting Update UTMP about System Boot/Shutdown...
[[0;32m  OK  [0m] Reached target System Time Synchronized.
[[0;32m  OK  [0m] Started LSB: AppArmor initialization.
[[0;32m  OK  [0m] Started Update UTMP about System Boot/Shutdown.
[[0;32m  OK  [0m] Listening on Load/Save RF Kill Switch Status /dev/rfkill Watch.
[[0;32m  OK  [0m] Found device 82540EM Gigabit Ethern...r (PRO/1000 MT Desktop Adapter).
[   19.816468] cloud-init[443]: Cloud-init v. 0.7.9 running 'init-local' at Fri, 12 May 2017 06:33:24 +0000. Up 19.31 seconds.
[[0;32m  OK  [0m] Started Set console font and keymap.
[[0;32m  OK  [0m] Started Initial cloud-init job (pre-networking).
[[0;32m  OK  [0m] Reached target Network (Pre).
[[0;32m  OK  [0m] Started ifup for enp0s3.
         Starting Raise network interfaces...
[[0;32m  OK  [0m] Created slice system-getty.slice.
[[0;32m  OK  [0m] Started Raise network interfaces.
         Starting Initial cloud-init job (metadata service crawler)...
[[0;32m  OK  [0m] Reached target Network.
[   22.476462] cloud-init[951]: Cloud-init v. 0.7.9 running 'init' at Fri, 12 May 2017 06:33:27 +0000. Up 22.14 seconds.
[[0;32m  OK  [0m] Started Initial cloud-init job (metadata service crawler).
[[   22.583331] cloud-init[951]: ci-info: +++++++++++++++++++++++++++++++++++++Net device info++++++++++++++++++++++++++++++++++++++
[   22.624464] cloud-init[951]: ci-info: +--------+------+----------------------------+---------------+-------+-------------------+
[0;32m  OK  [0m] Reached target Cloud-config availability.
[   22.624775] cloud-init[951]: ci-info: | Device |  Up  |          Address           |      Mask     | Scope |     Hw-Address    |
[[0;32m  OK  [0m] Reached target Network is Online.
[   22.756717] cloud-init[951]: ci-info: +--------+------+----------------------------+---------------+-------+-------------------+
[   22.924964] cloud-init[951]: ci-info: | enp0s3 | True |         10.0.2.15          | 255.255.255.0 |   .   | 02:6e:88:da:90:9e |
[   22.925711] cloud-init[951]: ci-info: | enp0s3 | True | fe80::6e:88ff:feda:909e/64 |       .       |  link | 02:6e:88:da:90:9e |
         Starting iSCSI initiator daemon (iscsid)...
[[   22.926105] cloud-init[951]: ci-info: |   lo   | True |         127.0.0.1          |   255.0.0.0   |   .   |         .         |
[   23.053759] cloud-init[951]: ci-info: |   lo   | True |          ::1/128           |       .       |  host |         .         |
[0;32m  OK  [0m] Reached target System Initialization.
         Starting LXD - unix socket.
[[0;32m  OK  [0m] Listening on UUID daemon activation socket.
[   23.054066] cloud-init[951]: ci-info: +--------+------+----------------------------+---------------+-------+-------------------+
[   23.261532] cloud-init[951]: ci-info: +++++++++++++++++++++++++++Route IPv4 info++++++++++++++++++++++++++++
[   23.262237] cloud-init[951]: ci-info: +-------+-------------+----------+---------------+-----------+-------+
[[0;32m  OK  [0m] Started Timer to automatically refresh installed snaps.
[   23.262616] cloud-init[951]: ci-info: | Route | Destination | Gateway  |    Genmask    | Interface | Flags |
[   23.445752] cloud-init[951]: ci-info: +-------+-------------+----------+---------------+-----------+-------+
[[0;32m  OK  [0m] Started Daily Cleanup of Temporary Directories.
[   23.446154] cloud-init[951]: ci-info: |   0   |   0.0.0.0   | 10.0.2.2 |    0.0.0.0    |   enp0s3  |   UG  |
[   23.605308] cloud-init[951]: ci-info: |   1   |   10.0.2.0  | 0.0.0.0  | 255.255.255.0 |   enp0s3  |   U   |
[[0;32m  OK  [0m] Listening on D-Bus System Message Bus Socket.
         [   23.605686] Starting Socket activation for snappy daemon.cloud-init
[951]: ci-info: +-------+-------------+----------+---------------+-----------+-------+
[[0;32m  OK  [0m] Started Trigger resolvconf update for networkd DNS.
[[0;32m  OK  [0m] Listening on ACPID Listen Socket.
[[0;32m  OK  [0m] Started ACPI Events Check.
[[0;32m  OK  [0m] Reached target Paths.
[[0;32m  OK  [0m] Started Daily apt activities.
[[0;32m  OK  [0m] Reached target Timers.
[[0;32m  OK  [0m] Listening on LXD - unix socket.
[[0;32m  OK  [0m] Listening on Socket activation for snappy daemon.
[[0;32m  OK  [0m] Started iSCSI initiator daemon (iscsid).
         Starting Login to default iSCSI targets...
[[0;32m  OK  [0m] Reached target Sockets.
[[0;32m  OK  [0m] Reached target Basic System.
         Starting LSB: Record successful boot for GRUB...
[[0;32m  OK  [0m] Started D-Bus System Message Bus.
         Starting LSB: MD monitoring daemon...
         Starting Accounts Service...
         Starting LXD - container startup/shutdown...
[[0;32m  OK  [0m] Started Snappy daemon.
         Starting Auto import assertions from block devices...
[[0;32m  OK  [0m] Started Deferred execution scheduler.
[[0;32m  OK  [0m] Started Regular background program processing daemon.
         Starting /etc/rc.local Compatibility...
         Starting Apply the settings specified in cloud-config...
         Starting System Logging Service...
         Starting PostgreSQL Cluster 9.5-main...
[[0;32m  OK  [0m] Started FUSE filesystem for LXC.
[[0;32m  OK  [0m] Started ACPI event daemon.
         Starting OpenBSD Secure Shell server...
         Starting Login Service...
[[0;32m  OK  [0m] Started System Logging Service.
[[0;32m  OK  [0m] Started LXD - container startup/shutdown.
[[0;32m  OK  [0m] Started Auto import assertions from block devices.
[[0;32m  OK  [0m] Started /etc/rc.local Compatibility.
[[0;32m  OK  [0m] Started OpenBSD Secure Shell server.
[[0;32m  OK  [0m] Started Login to default iSCSI targets.
[[0;32m  OK  [0m] Started LSB: Record successful boot for GRUB.
[[0;32m  OK  [0m] Started LSB: MD monitoring daemon.
         Starting Authenticate and Authorize Users to Run Privileged Tasks...
[[0;32m  OK  [0m] Reached target Remote File Systems (Pre).
[   25.510688] [[0;32m  OK  [0m] Reached target Remote File Systems.
cloud-init[1054]: Cloud-init v. 0.7.9 running 'modules:config' at Fri, 12 May 2017 06:33:30 +0000. Up 25.34 seconds.
         Starting LSB: Set the CPU Frequency Scaling governor to "ondemand"...
         Starting LSB: daemon to balance interrupts for SMP systems...
         Starting LSB: Start/stop sysstat's sadc...
         Starting Permit User Sessions...
         Starting LSB: automatic crash report generation...
         Starting LSB: VirtualBox Linux Additions...
[[0;32m  OK  [0m] Started Apply the settings specified in cloud-config.
[[0;32m  OK  [0m] Started Permit User Sessions.
[[0;32m  OK  [0m] Started Login Service.
[[0;32m  OK  [0m] Started Authenticate and Authorize Users to Run Privileged Tasks.
[[0;32m  OK  [0m] Started Accounts Service.
[[0;32m  OK  [0m] Started LSB: Set the CPU Frequency Scaling governor to "ondemand".
[[0;32m  OK  [0m] Started LSB: daemon to balance interrupts for SMP systems.
[[0;32m  OK  [0m] Started LSB: Start/stop sysstat's sadc.
         Starting Terminate Plymouth Boot Screen...
         Starting Hold until boot process finishes up...
[[0;32m  OK  [0m] Started LSB: automatic crash report generation.
[[0;32m  OK  [0m] Started LSB: VirtualBox Linux Additions.
[[0;32m  OK  [0m] Started Terminate Plymouth Boot Screen.
[[0;32m  OK  [0m] Started Hold until boot process finishes up.
         Starting Set console scheme...
[[0;32m  OK  [0m] Started Getty on tty1.
[[0;32m  OK  [0m] Started Serial Getty on ttyS0.
[[0;32m  OK  [0m] Reached target Login Prompts.
[[0;32m  OK  [0m] Started Set console scheme.
[[0;32m  OK  [0m] Started PostgreSQL Cluster 9.5-main.
         Starting PostgreSQL RDBMS...
[[0;32m  OK  [0m] Started PostgreSQL RDBMS.
[[0;32m  OK  [0m] Reached target Multi-User System.
         Starting Execute cloud user/final scripts...
[[0;32m  OK  [0m] Reached target Graphical Interface.
         Starting Update UTMP about System Runlevel Changes...
[[0;32m  OK  [0m] Started Update UTMP about System Runlevel Changes.
[   27.980988] cloud-init[1212]: Cloud-init v. 0.7.9 running 'modules:final' at Fri, 12 May 2017 06:33:33 +0000. Up 27.83 seconds.
[[0;32m  OK  [0m] Started Execute cloud user/final scripts.
[   28.058442] cloud-init[1212]: Cloud-init v. 0.7.9 finished at Fri, 12 May 2017 06:33:33 +0000. Datasource DataSourceNoCloud [seed=/dev/sdb][dsmode=net].  Up 27.97 seconds
[[0;32m  OK  [0m] Reached target Cloud-init target.

Ubuntu 16.04.2 LTS ubuntu-xenial ttyS0

ubuntu-xenial login: 